This is pdfTeX, Version 3.1415926-2.5-1.40.14 (MiKTeX 2.9) (preloaded format=pdflatex 2014.3.12)  8 APR 2014 13:41
entering extended mode
**processor.tex
(C:\Users\anurag\Desktop\VERILOG-Paper\processor.tex
LaTeX2e <2011/06/27>
Babel <v3.8m> and hyphenation patterns for english, afrikaans, ancientgreek, ar
abic, armenian, assamese, basque, bengali, bokmal, bulgarian, catalan, coptic, 
croatian, czech, danish, dutch, esperanto, estonian, farsi, finnish, french, ga
lician, german, german-x-2013-05-26, greek, gujarati, hindi, hungarian, iceland
ic, indonesian, interlingua, irish, italian, kannada, kurmanji, latin, latvian,
 lithuanian, malayalam, marathi, mongolian, mongolianlmc, monogreek, ngerman, n
german-x-2013-05-26, nynorsk, oriya, panjabi, pinyin, polish, portuguese, roman
ian, russian, sanskrit, serbian, slovak, slovenian, spanish, swedish, swissgerm
an, tamil, telugu, turkish, turkmen, ukenglish, ukrainian, uppersorbian, usengl
ishmax, welsh, loaded.
("C:\Program Files\MiKTeX 2.9\tex\latex\base\article.cls"
Document Class: article 2007/10/19 v1.4h Standard LaTeX document class
("C:\Program Files\MiKTeX 2.9\tex\latex\base\size11.clo"
File: size11.clo 2007/10/19 v1.4h Standard LaTeX file (size option)
)
\c@part=\count79
\c@section=\count80
\c@subsection=\count81
\c@subsubsection=\count82
\c@paragraph=\count83
\c@subparagraph=\count84
\c@figure=\count85
\c@table=\count86
\abovecaptionskip=\skip41
\belowcaptionskip=\skip42
\bibindent=\dimen102
)
("C:\Program Files\MiKTeX 2.9\tex\latex\graphics\graphicx.sty"
Package: graphicx 1999/02/16 v1.0f Enhanced LaTeX Graphics (DPC,SPQR)

("C:\Program Files\MiKTeX 2.9\tex\latex\graphics\keyval.sty"
Package: keyval 1999/03/16 v1.13 key=value parser (DPC)
\KV@toks@=\toks14
)
("C:\Program Files\MiKTeX 2.9\tex\latex\graphics\graphics.sty"
Package: graphics 2009/02/05 v1.0o Standard LaTeX Graphics (DPC,SPQR)

("C:\Program Files\MiKTeX 2.9\tex\latex\graphics\trig.sty"
Package: trig 1999/03/16 v1.09 sin cos tan (DPC)
)
("C:\Program Files\MiKTeX 2.9\tex\latex\00miktex\graphics.cfg"
File: graphics.cfg 2007/01/18 v1.5 graphics configuration of teTeX/TeXLive
)
Package graphics Info: Driver file: pdftex.def on input line 91.

("C:\Program Files\MiKTeX 2.9\tex\latex\pdftex-def\pdftex.def"
File: pdftex.def 2011/05/27 v0.06d Graphics/color for pdfTeX

("C:\Program Files\MiKTeX 2.9\tex\generic\oberdiek\infwarerr.sty"
Package: infwarerr 2010/04/08 v1.3 Providing info/warning/error messages (HO)
)
("C:\Program Files\MiKTeX 2.9\tex\generic\oberdiek\ltxcmds.sty"
Package: ltxcmds 2011/11/09 v1.22 LaTeX kernel commands for general use (HO)
)
\Gread@gobject=\count87
))
\Gin@req@height=\dimen103
\Gin@req@width=\dimen104
)
("C:\Program Files\MiKTeX 2.9\tex\latex\listings\listings.sty"
\lst@mode=\count88
\lst@gtempboxa=\box26
\lst@token=\toks15
\lst@length=\count89
\lst@currlwidth=\dimen105
\lst@column=\count90
\lst@pos=\count91
\lst@lostspace=\dimen106
\lst@width=\dimen107
\lst@newlines=\count92
\lst@lineno=\count93
\lst@maxwidth=\dimen108

("C:\Program Files\MiKTeX 2.9\tex\latex\listings\lstmisc.sty"
File: lstmisc.sty 2014/03/04 1.5c (Carsten Heinz)
\c@lstnumber=\count94
\lst@skipnumbers=\count95
\lst@framebox=\box27
)
("C:\Program Files\MiKTeX 2.9\tex\latex\listings\listings.cfg"
File: listings.cfg 2014/03/04 1.5c listings configuration
))
Package: listings 2014/03/04 1.5c (Carsten Heinz)

(C:\Users\anurag\Desktop\VERILOG-Paper\processor.aux)
LaTeX Font Info:    Checking defaults for OML/cmm/m/it on input line 5.
LaTeX Font Info:    ... okay on input line 5.
LaTeX Font Info:    Checking defaults for T1/cmr/m/n on input line 5.
LaTeX Font Info:    ... okay on input line 5.
LaTeX Font Info:    Checking defaults for OT1/cmr/m/n on input line 5.
LaTeX Font Info:    ... okay on input line 5.
LaTeX Font Info:    Checking defaults for OMS/cmsy/m/n on input line 5.
LaTeX Font Info:    ... okay on input line 5.
LaTeX Font Info:    Checking defaults for OMX/cmex/m/n on input line 5.
LaTeX Font Info:    ... okay on input line 5.
LaTeX Font Info:    Checking defaults for U/cmr/m/n on input line 5.
LaTeX Font Info:    ... okay on input line 5.

("C:\Program Files\MiKTeX 2.9\tex\context\base\supp-pdf.mkii"
[Loading MPS to PDF converter (version 2006.09.02).]
\scratchcounter=\count96
\scratchdimen=\dimen109
\scratchbox=\box28
\nofMPsegments=\count97
\nofMParguments=\count98
\everyMPshowfont=\toks16
\MPscratchCnt=\count99
\MPscratchDim=\dimen110
\MPnumerator=\count100
\makeMPintoPDFobject=\count101
\everyMPtoPDFconversion=\toks17
)
\c@lstlisting=\count102
LaTeX Font Info:    External font `cmex10' loaded for size
(Font)              <12> on input line 8.
LaTeX Font Info:    External font `cmex10' loaded for size
(Font)              <8> on input line 8.
LaTeX Font Info:    External font `cmex10' loaded for size
(Font)              <6> on input line 8.
 (C:\Users\anurag\Desktop\VERILOG-Paper\processor.toc
LaTeX Font Info:    External font `cmex10' loaded for size
(Font)              <10.95> on input line 4.
)
\tf@toc=\write3
 [1

{C:/ProgramData/MiKTeX/2.9/pdftex/config/pdftex.map}] <smpp.png, id=10, 385.44p
t x 289.08pt>
File: smpp.png Graphic file (type png)

<use smpp.png>
Package pdftex.def Info: smpp.png used on input line 23.
(pdftex.def)             Requested size: 443.25255pt x 332.4394pt.

Overfull \hbox (100.25255pt too wide) in paragraph at lines 23--25
[][]
 []

[2] ("C:\Program Files\MiKTeX 2.9\tex\latex\listings\lstlang1.sty"
File: lstlang1.sty 2014/03/04 1.5c listings language file
)
("C:\Program Files\MiKTeX 2.9\tex\latex\listings\lstlang2.sty"
File: lstlang2.sty 2014/03/04 1.5c listings language file
)
("C:\Program Files\MiKTeX 2.9\tex\latex\listings\lstlang3.sty"
File: lstlang3.sty 2014/03/04 1.5c listings language file
)
Underfull \hbox (badness 10000) in paragraph at lines 28--29

 []

(C:\Users\anurag\Desktop\VERILOG-Paper\dff.v [3 <C:/Users/anurag/Desktop/VERILO
G-Paper/smpp.png>]
LaTeX Font Info:    Try loading font information for OML+cmr on input line 9.
 ("C:\Program Files\MiKTeX 2.9\tex\latex\base\omlcmr.fd"
File: omlcmr.fd 1999/05/25 v2.5h Standard LaTeX font definitions
)
LaTeX Font Info:    Font shape `OML/cmr/m/n' in size <10.95> not available
(Font)              Font shape `OML/cmm/m/it' tried instead on input line 9.
)
Underfull \hbox (badness 10000) in paragraph at lines 30--31

 []

(C:\Users\anurag\Desktop\VERILOG-Paper\dff_tb.v
Overfull \hbox (81.28937pt too wide) in paragraph at lines 9--10
[][][][][][][][][][][][][][][][][][][][][][][][][][][][][][][][][][][][] 
 []

) [4] <image010.jpg, id=23, 316.18124pt x 223.58531pt>
File: image010.jpg Graphic file (type jpg)
 <use image010.jpg>
Package pdftex.def Info: image010.jpg used on input line 39.
(pdftex.def)             Requested size: 363.60559pt x 257.1211pt.

Overfull \hbox (20.60559pt too wide) in paragraph at lines 39--40
[][] 
 []

[5 <C:/Users/anurag/Desktop/VERILOG-Paper/image010.jpg>]
(C:\Users\anurag\Desktop\VERILOG-Paper\mux.v
Overfull \hbox (27.63403pt too wide) in paragraph at lines 10--11
[][][][][][][][][][][][][][][][][][][][][][][][][][] 
 []

) (C:\Users\anurag\Desktop\VERILOG-Paper\mux2.v) [6]
<Half-Adder-Circuit.png, id=32, 225.84375pt x 150.5625pt>
File: Half-Adder-Circuit.png Graphic file (type png)

<use Half-Adder-Circuit.png>
Package pdftex.def Info: Half-Adder-Circuit.png used on input line 56.
(pdftex.def)             Requested size: 259.71828pt x 173.14551pt.
 (C:\Users\anurag\Desktop\VERILOG-Paper\ha.v
LaTeX Font Info:    Try loading font information for OMS+cmr on input line 5.

("C:\Program Files\MiKTeX 2.9\tex\latex\base\omscmr.fd"
File: omscmr.fd 1999/05/25 v2.5h Standard LaTeX font definitions
)
LaTeX Font Info:    Font shape `OMS/cmr/m/n' in size <10.95> not available
(Font)              Font shape `OMS/cmsy/m/n' tried instead on input line 5.
)
<Full-Adder-Circuit.png, id=33, 376.40625pt x 195.73125pt>
File: Full-Adder-Circuit.png Graphic file (type png)

<use Full-Adder-Circuit.png>
Package pdftex.def Info: Full-Adder-Circuit.png used on input line 60.
(pdftex.def)             Requested size: 376.40532pt x 195.73076pt.

Overfull \hbox (33.40532pt too wide) in paragraph at lines 60--61
[][] 
 []

[7 <C:/Users/anurag/Desktop/VERILOG-Paper/Half-Adder-Circuit.png>]
(C:\Users\anurag\Desktop\VERILOG-Paper\fa.v)
<rca.png, id=39, 501.875pt x 200.75pt>
File: rca.png Graphic file (type png)
 <use rca.png>
Package pdftex.def Info: rca.png used on input line 65.
(pdftex.def)             Requested size: 376.40532pt x 150.56212pt.

Overfull \hbox (16.40532pt too wide) in paragraph at lines 64--66
[] 
 []

[8 <C:/Users/anurag/Desktop/VERILOG-Paper/Full-Adder-Circuit.png> <C:/Users/anu
rag/Desktop/VERILOG-Paper/rca.png>] <cscir.png, id=45, 845.0772pt x 597.432pt>
File: cscir.png Graphic file (type png)

<use cscir.png>
Package pdftex.def Info: cscir.png used on input line 70.
(pdftex.def)             Requested size: 422.53757pt x 298.71527pt.

Overfull \hbox (79.53757pt too wide) in paragraph at lines 70--72
[][]
 []

<seq.png, id=46, 425.48962pt x 273.72263pt>
File: seq.png Graphic file (type png)
 <use seq.png>
Package pdftex.def Info: seq.png used on input line 73.
(pdftex.def)             Requested size: 212.7443pt x 136.86096pt.
 [9 <C:/Users/anurag/Desktop/VERILOG-Paper/cscir.png (PNG copy)>]
<srl1.png, id=50, 100.375pt x 100.375pt>
File: srl1.png Graphic file (type png)
 <use srl1.png>
Package pdftex.def Info: srl1.png used on input line 83.
(pdftex.def)             Requested size: 100.37474pt x 100.37474pt.

<srl2.png, id=51, 200.75pt x 125.46875pt>
File: srl2.png Graphic file (type png)
 <use srl2.png>
Package pdftex.def Info: srl2.png used on input line 84.
(pdftex.def)             Requested size: 200.7495pt x 125.46843pt.
 [10 <C:/Users/anurag/Desktop/VERILOG-Paper/seq.png (PNG copy)> <C:/Users/anura
g/Desktop/VERILOG-Paper/srl1.png> <C:/Users/anurag/Desktop/VERILOG-Paper/srl2.p
ng>]
<gsrl.png, id=57, 301.125pt x 145.54375pt>
File: gsrl.png Graphic file (type png)
 <use gsrl.png>
Package pdftex.def Info: gsrl.png used on input line 88.
(pdftex.def)             Requested size: 301.12425pt x 145.54338pt.

<dl.png, id=58, 301.125pt x 150.5625pt>
File: dl.png Graphic file (type png)
 <use dl.png>
Package pdftex.def Info: dl.png used on input line 92.
(pdftex.def)             Requested size: 301.12425pt x 150.56212pt.

Underfull \hbox (badness 10000) in paragraph at lines 97--98

 []

(C:\Users\anurag\Desktop\VERILOG-Paper\dl.v [11 <C:/Users/anurag/Desktop/VERILO
G-Paper/gsrl.png> <C:/Users/anurag/Desktop/VERILOG-Paper/dl.png>])
Underfull \hbox (badness 10000) in paragraph at lines 99--100

 []

(C:\Users\anurag\Desktop\VERILOG-Paper\gsr.v) [12]
(C:\Users\anurag\Desktop\VERILOG-Paper\sff.v)
<dff.png, id=67, 100.375pt x 100.375pt>
File: dff.png Graphic file (type png)
 <use dff.png>
Package pdftex.def Info: dff.png used on input line 111.
(pdftex.def)             Requested size: 100.37474pt x 100.37474pt.
 [13 <C:/Users/anurag/Desktop/VERILOG-Paper/dff.png>] <pload.png, id=73, 278.23
95pt x 230.36063pt>
File: pload.png Graphic file (type png)

<use pload.png>
Package pdftex.def Info: pload.png used on input line 141.
(pdftex.def)             Requested size: 194.76631pt x 161.25133pt.
 (C:\Users\anurag\Desktop\VERILOG-Paper\reg32b.v [14 <C:/Users/anurag/Desktop/V
ERILOG-Paper/pload.png (PNG copy)>]
Overfull \hbox (15.58868pt too wide) in paragraph at lines 22--23
[][][][][][][][][][][][][][][][][][][][][][] 
 []

) <regfile.png, id=77, 765.6103pt x 421.575pt>
File: regfile.png Graphic file (type png)
 <use regfile.png>
Package pdftex.def Info: regfile.png used on input line 149.
(pdftex.def)             Requested size: 535.92355pt x 295.10048pt.

Overfull \hbox (203.29861pt too wide) in paragraph at lines 149--150
[][] 
 []

[15] (C:\Users\anurag\Desktop\VERILOG-Paper\regfile.v [16 <C:/Users/anurag/Desk
top/VERILOG-Paper/regfile.png>]
Overfull \hbox (9.01862pt too wide) in paragraph at lines 22--23
[][][][][][][][][][][][][][][][][][][][][] 
 []

) [17] <write.png, id=87, 765.6103pt x 414.04688pt>
File: write.png Graphic file (type png)
 <use write.png>
Package pdftex.def Info: write.png used on input line 160.
(pdftex.def)             Requested size: 535.92355pt x 289.83083pt.

Overfull \hbox (203.29861pt too wide) in paragraph at lines 160--161
[][] 
 []

<dec.png, id=88, 463.7325pt x 329.23pt>
File: dec.png Graphic file (type png)
 <use dec.png>
Package pdftex.def Info: dec.png used on input line 164.
(pdftex.def)             Requested size: 324.61052pt x 230.45941pt.
 [18 <C:/Users/anurag/Desktop/VERILOG-Paper/write.png>] (C:\Users\anurag\Deskto
p\VERILOG-Paper\dec.v)
[19 <C:/Users/anurag/Desktop/VERILOG-Paper/dec.png (PNG copy)>]
<alu1.png, id=96, 661.2705pt x 471.56175pt>
File: alu1.png Graphic file (type png)
 <use alu1.png>
Package pdftex.def Info: alu1.png used on input line 186.
(pdftex.def)             Requested size: 396.76535pt x 282.93922pt.

Overfull \hbox (64.14041pt too wide) in paragraph at lines 186--188
[][]
 []

(C:\Users\anurag\Desktop\VERILOG-Paper\alu1.v [20 <C:/Users/anurag/Desktop/VERI
LOG-Paper/alu1.png>]
Overfull \hbox (232.40094pt too wide) in paragraph at lines 25--26
[][][][][][][][][][][][][][][][][][][][][][][][][][][][][][][][][][] 
 []


Overfull \hbox (55.0091pt too wide) in paragraph at lines 30--31
[][][][][][][][][][][][][][][][][][][][][][][] 
 []


Overfull \hbox (133.84991pt too wide) in paragraph at lines 38--39
[][][][][][][][][][][][][][][][][][][][][][][][][][][] 
 []


Overfull \hbox (146.99005pt too wide) in paragraph at lines 39--40
[][][][][][][][][][][][][][][][][][][][][][][][][][][] 
 []

) <alu-32bit.png, id=101, 566.82353pt x 704.27823pt>
File: alu-32bit.png Graphic file (type png)
 <use alu-32bit.png>
Package pdftex.def Info: alu-32bit.png used on input line 195.
(pdftex.def)             Requested size: 283.41107pt x 352.13824pt.

[21] <cla.png, id=105, 501.875pt x 301.125pt>
File: cla.png Graphic file (type png)
 <use cla.png>
Package pdftex.def Info: cla.png used on input line 198.
(pdftex.def)             Requested size: 351.31009pt x 210.78606pt.

Overfull \hbox (18.68515pt too wide) in paragraph at lines 197--199
[] 
 []

[22 <C:/Users/anurag/Desktop/VERILOG-Paper/alu-32bit.png>]
Underfull \hbox (badness 1152) in paragraph at lines 200--200
[]\OT1/cmr/bx/n/12 Sign Ex-ten-der/Zero Ex-ten-der and Log-i-cal Left
 []

<signex.png, id=109, 282.05376pt x 135.50626pt>
File: signex.png Graphic file (type png)
 <use signex.png>
Package pdftex.def Info: signex.png used on input line 203.
(pdftex.def)             Requested size: 169.23355pt x 81.30437pt.

(C:\Users\anurag\Desktop\VERILOG-Paper\Sign_Extend.v [23 <C:/Users/anurag/Deskt
op/VERILOG-Paper/cla.png> <C:/Users/anurag/Desktop/VERILOG-Paper/signex.png>])
<sll.jpg, id=114, 306.14375pt x 165.61874pt>
File: sll.jpg Graphic file (type jpg)
 <use sll.jpg>
Package pdftex.def Info: sll.jpg used on input line 212.
(pdftex.def)             Requested size: 214.29915pt x 115.93231pt.

(C:\Users\anurag\Desktop\VERILOG-Paper\sll.v) [24 <C:/Users/anurag/Desktop/VERI
LOG-Paper/sll.jpg>] (C:\Users\anurag\Desktop\VERILOG-Paper\regfile_full.v
Overfull \hbox (278.39142pt too wide) in paragraph at lines 1--2
[][][][][][][][][][][][][][][][][][][][][][][][][][] 
 []


Overfull \hbox (153.56012pt too wide) in paragraph at lines 3--4
[][][][][][][][][][][][][][][][][][][][][][][][][][][][] 
 []


Overfull \hbox (265.25128pt too wide) in paragraph at lines 4--6
[][][][][][][][][][][][][][][][][][][][][][][][][][][][] 
 []


Overfull \hbox (146.99005pt too wide) in paragraph at lines 11--13
[][][][][][][][][][][][][][][][][][][][][][] 
 []


Overfull \hbox (140.41998pt too wide) in paragraph at lines 22--23
[][][][][][][][][][][][][][][][][][][][][][][][] 
 []


Overfull \hbox (28.72882pt too wide) in paragraph at lines 34--36
[][][][][][][][][][][][][] 
 []


Overfull \hbox (28.72882pt too wide) in paragraph at lines 37--39
[][][][][][][][][][][][][] 
 []

[25]
Overfull \hbox (28.72882pt too wide) in paragraph at lines 45--46
[][][][][][][][][][][][][][][][] 
 []


Overfull \hbox (28.72882pt too wide) in paragraph at lines 46--47
[][][][][][][][][][][][][][][][] 
 []


Overfull \hbox (28.72882pt too wide) in paragraph at lines 57--59
[][][][][][][][][][][][][] 
 []


Overfull \hbox (127.27985pt too wide) in paragraph at lines 62--63
[][][][][][][][][][][][][][][][][][][][][][][][][] 
 []


Overfull \hbox (41.86896pt too wide) in paragraph at lines 65--66
[][][][][][][][][][][][][][][][] 
 []


Overfull \hbox (120.70978pt too wide) in paragraph at lines 67--69
[][][][][][][][][][][][][][][][][][][][][][][][][] 
 []


Overfull \hbox (9.01862pt too wide) in paragraph at lines 73--74
[][][][][][][][][][][][][][] 
 []

[26]
Overfull \hbox (28.72882pt too wide) in paragraph at lines 80--82
[][][][][][][][][][][][][] 
 []


Overfull \hbox (28.72882pt too wide) in paragraph at lines 83--85
[][][][][][][][][][][][][] 
 []


Overfull \hbox (28.72882pt too wide) in paragraph at lines 91--92
[][][][][][][][][][][][][][][][] 
 []


Overfull \hbox (28.72882pt too wide) in paragraph at lines 92--93
[][][][][][][][][][][][][][][][] 
 []

) (C:\Users\anurag\Desktop\VERILOG-Paper\stanford_std1.v
Overfull \hbox (133.84991pt too wide) in paragraph at lines 4--6
[][][][] 
 []

[27]
Overfull \hbox (133.84991pt too wide) in paragraph at lines 40--42
[][][][] 
 []

[28]
Overfull \hbox (133.84991pt too wide) in paragraph at lines 59--61
[][][][] 
 []


Overfull \hbox (133.84991pt too wide) in paragraph at lines 73--75
[][][][] 
 []


Overfull \hbox (28.72882pt too wide) in paragraph at lines 91--92
[][][][][][][][][][][][][][][][][][][][][][][][][][][][][][][][][][][][][][][][
][] 
 []


Overfull \hbox (133.84991pt too wide) in paragraph at lines 96--98
[][][][] 
 []

[29]
Overfull \hbox (133.84991pt too wide) in paragraph at lines 115--117
[][][][] 
 []


Overfull \hbox (133.84991pt too wide) in paragraph at lines 126--128
[][][][] 
 []

[30]
Overfull \hbox (133.84991pt too wide) in paragraph at lines 141--143
[][][][] 
 []


Overfull \hbox (22.15875pt too wide) in paragraph at lines 148--149
[][][][][][][][][][][][][][][][][][][][][][] 
 []


Overfull \hbox (28.72882pt too wide) in paragraph at lines 151--152
[][][][][][][][][][][][][][][][][][][][][][][] 
 []


Overfull \hbox (35.29889pt too wide) in paragraph at lines 157--158
[][][][][][][][][][][][][][][][][][][][][][] 
 []


Overfull \hbox (133.84991pt too wide) in paragraph at lines 164--166
[][][][] 
 []


Overfull \hbox (22.15875pt too wide) in paragraph at lines 166--167
[][][][][][][][][][][][][][][][][][][][][][][] 
 []


Overfull \hbox (133.84991pt too wide) in paragraph at lines 176--178
[][][][] 
 []

[31]
Overfull \hbox (28.72882pt too wide) in paragraph at lines 178--179
[][][][][][][][][][][][][][][][][][][][][][][] 
 []


Overfull \hbox (133.84991pt too wide) in paragraph at lines 190--192
[][][][] 
 []


Overfull \hbox (28.72882pt too wide) in paragraph at lines 192--193
[][][][][][][][][][][][][][][][][][][][][][][] 
 []


Overfull \hbox (133.84991pt too wide) in paragraph at lines 204--206
[][][][] 
 []


Overfull \hbox (35.29889pt too wide) in paragraph at lines 206--207
[][][][][][][][][][][][][][][][][][][][][][][] 
 []


Overfull \hbox (2.44855pt too wide) in paragraph at lines 207--208
[][][][][][][][][][][][][][][][][][][][][][][][][][][][][][][][][][][][][] 
 []


Underfull \hbox (badness 10000) in paragraph at lines 209--210
[][][][][][][][][][][][][][][][][][][][][][][][][][][][][][][][][][][]
 []

[32]
Overfull \hbox (140.41998pt too wide) in paragraph at lines 221--222
[][][][] 
 []


Overfull \hbox (107.56964pt too wide) in paragraph at lines 222--223
[][][][][][][][][][][][][][][][][][][][][][][][][][][][][][][][][][][] 
 []


Overfull \hbox (2.44855pt too wide) in paragraph at lines 225--226
[][][][][][][][][][][][][][][][][][][][][][][][][][][][][][][][][][] 
 []


Overfull \hbox (133.84991pt too wide) in paragraph at lines 227--229
[][][][] 
 []


Overfull \hbox (133.84991pt too wide) in paragraph at lines 245--247
[][][][] 
 []


Overfull \hbox (55.0091pt too wide) in paragraph at lines 247--248
[][][][][][][][][][][][][][][][][][][][][][][][][][][] 
 []


Overfull \hbox (41.86896pt too wide) in paragraph at lines 252--253
[][][][][][][][][][][][][][][][][][][][][][][][][][][][][][][][] 
 []


Overfull \hbox (133.84991pt too wide) in paragraph at lines 255--257
[][][][] 
 []

[33]
Overfull \hbox (133.84991pt too wide) in paragraph at lines 269--271
[][][][] 
 []


Overfull \hbox (22.15875pt too wide) in paragraph at lines 271--272
[][][][][][][][][][][][][][][][][][][][][] 
 []


Overfull \hbox (9.01862pt too wide) in paragraph at lines 276--277
[][][][][][][][][][][][][][][][][][][][][][][][][][][][][][][] 
 []


Overfull \hbox (140.41998pt too wide) in paragraph at lines 279--280
[][][][] 
 []


Overfull \hbox (22.15875pt too wide) in paragraph at lines 280--281
[][][][][][][][][][][][][][][][][][][][][] 
 []


Overfull \hbox (9.01862pt too wide) in paragraph at lines 285--286
[][][][][][][][][][][][][][][][][][][][][][][][][][][][][][][] 
 []


Overfull \hbox (133.84991pt too wide) in paragraph at lines 288--290
[][][][] 
 []

[34])
Overfull \hbox (133.84991pt too wide) in paragraph at lines 300--224
[][][][] 
 []

(C:\Users\anurag\Desktop\VERILOG-Paper\stanford_std2.v
Overfull \hbox (133.84991pt too wide) in paragraph at lines 4--6
[][][][] 
 []


Overfull \hbox (55.0091pt too wide) in paragraph at lines 18--19
[][][][][][][][][][][][][][][][][][][][][][][][][][][][][][][][][][][][][] 
 []


Overfull \hbox (41.86896pt too wide) in paragraph at lines 21--23
[][][][][][][][][][][][][][][][][][][][][][][][][][][][][][][][][][][][][][][][
][][][] 
 []


Overfull \hbox (55.0091pt too wide) in paragraph at lines 24--25
[][][][][][][][][][][][][][][][][][][][][][][][][][][][][][][][][][][][][] 
 []


Overfull \hbox (41.86896pt too wide) in paragraph at lines 27--29
[][][][][][][][][][][][][][][][][][][][][][][][][][][][][][][][][][][][][][][][
][][][] 
 []


Overfull \hbox (55.0091pt too wide) in paragraph at lines 30--31
[][][][][][][][][][][][][][][][][][][][][][][][][][][][][][][][][][][][][] 
 []

[35]
Overfull \hbox (41.86896pt too wide) in paragraph at lines 33--35
[][][][][][][][][][][][][][][][][][][][][][][][][][][][][][][][][][][][][][][][
][][][] 
 []


Overfull \hbox (55.0091pt too wide) in paragraph at lines 36--37
[][][][][][][][][][][][][][][][][][][][][][][][][][][][][][][][][][][][][] 
 []


Overfull \hbox (41.86896pt too wide) in paragraph at lines 39--40
[][][][][][][][][][][][][][][][][][][][][][][][][][][][][][][][][][][][][][][][
][][][] 
 []


Overfull \hbox (133.84991pt too wide) in paragraph at lines 42--44
[][][][] 
 []


Overfull \hbox (41.86896pt too wide) in paragraph at lines 57--58
[][][][][][][][][][][][][][][][][][][][][][][][][][][][][][] 
 []


Overfull \hbox (133.84991pt too wide) in paragraph at lines 64--66
[][][][] 
 []

[36]
Overfull \hbox (133.84991pt too wide) in paragraph at lines 78--79
[][][][][][][][][][][][][][][][][][][][][][][][][][][][][][][][][][][][][][][][
][][][][] 
 []


Overfull \hbox (133.84991pt too wide) in paragraph at lines 80--81
[][][][][][][][][][][][][][][][][][][][][][][][][][][][][][][][][][][][][][][][
][][][][] 
 []


Overfull \hbox (133.84991pt too wide) in paragraph at lines 82--83
[][][][][][][][][][][][][][][][][][][][][][][][][][][][][][][][][][][][][][][][
][][][][] 
 []

LaTeX Font Info:    Font shape `OMS/cmr/m/it' in size <10.95> not available
(Font)              Font shape `OMS/cmsy/m/n' tried instead on input line 83.

Overfull \hbox (41.86896pt too wide) in paragraph at lines 83--84
[][][][][][][][][][][][][][][][][][][][][][][][][][][][][][][][][][][][][][][][
] 
 []


Overfull \hbox (133.84991pt too wide) in paragraph at lines 84--85
[][][][][][][][][][][][][][][][][][][][][][][][][][][][][][][][][][][][][][][][
][][][][] 
 []


Overfull \hbox (87.85944pt too wide) in paragraph at lines 85--86
[][][][][][][][][][][][][][][][][][][][][][][][][][][][][][][][][][][][][][][][
][][][][]
 []


Overfull \hbox (133.84991pt too wide) in paragraph at lines 86--87
[][][][][][][][][][][][][][][][][][][][][][][][][][][][][][][][][][][][][][][][
][][][][] 
 []


Overfull \hbox (48.43903pt too wide) in paragraph at lines 87--88
[][][][][][][][][][][][][][][][][][][][][][][][][][][][][][][][][][][][] 
 []


Overfull \hbox (133.84991pt too wide) in paragraph at lines 88--89
[][][][][][][][][][][][][][][][][][][][][][][][][][][][][][][][][][][][][][][][
][][][][] 
 []


Overfull \hbox (133.84991pt too wide) in paragraph at lines 91--93
[][][][] 
 []


Overfull \hbox (186.41046pt too wide) in paragraph at lines 105--106
[][][][][][][][][][][][][][][][][][][][][][][][][][][][][][][][][][][][][][][][
][][][][][][][][][][][] 
 []


Overfull \hbox (186.41046pt too wide) in paragraph at lines 107--108
[][][][][][][][][][][][][][][][][][][][][][][][][][][][][][][][][][][][][][][][
][][][][][][][][][][][] 
 []


Overfull \hbox (186.41046pt too wide) in paragraph at lines 109--110
[][][][][][][][][][][][][][][][][][][][][][][][][][][][][][][][][][][][][][][][
][][][][][][][][][][][] 
 []


Overfull \hbox (186.41046pt too wide) in paragraph at lines 111--112
[][][][][][][][][][][][][][][][][][][][][][][][][][][][][][][][][][][][][][][][
][][][][][][][][][][][] 
 []

[37]
Overfull \hbox (186.41046pt too wide) in paragraph at lines 113--114
[][][][][][][][][][][][][][][][][][][][][][][][][][][][][][][][][][][][][][][][
][][][][][][][][][][][] 
 []


Overfull \hbox (186.41046pt too wide) in paragraph at lines 115--116
[][][][][][][][][][][][][][][][][][][][][][][][][][][][][][][][][][][][][][][][
][][][][][][][][][][][] 
 []


Overfull \hbox (133.84991pt too wide) in paragraph at lines 118--120
[][][][] 
 []


Overfull \hbox (133.84991pt too wide) in paragraph at lines 137--139
[][][][] 
 []


Overfull \hbox (133.84991pt too wide) in paragraph at lines 147--149
[][][][] 
 []

[38]
Overfull \hbox (133.84991pt too wide) in paragraph at lines 159--161
[][][][] 
 []


Overfull \hbox (28.72882pt too wide) in paragraph at lines 166--167
[][][][][][][][][][][][][][][][][][][][][][][][][][][][][][][][][][] 
 []


Overfull \hbox (133.84991pt too wide) in paragraph at lines 168--170
[][][][] 
 []


Overfull \hbox (133.84991pt too wide) in paragraph at lines 188--190
[][][][] 
 []

[39]
Overfull \hbox (133.84991pt too wide) in paragraph at lines 202--204
[][][][] 
 []


Overfull \hbox (55.0091pt too wide) in paragraph at lines 208--209
[][][][][][][][][][][][][][][][][][][][][][][] 
 []


Overfull \hbox (15.58868pt too wide) in paragraph at lines 211--212
[][][][][][][][][][][][][][][][][][][][][][][][][][][] 
 []


Overfull \hbox (35.29889pt too wide) in paragraph at lines 212--214
[][][][][][][][][][][][][][][][][][][][][][][][][][][][][][][][] 
 []


Overfull \hbox (100.99957pt too wide) in paragraph at lines 215--216
[][][][][][][][][][][][][][][][][][][][][][][][][][][][][][][][][] 
 []


Overfull \hbox (9.01862pt too wide) in paragraph at lines 217--218
[][][][][][][][][][][][][][][][][][][][][][][][][][][][][][][] 
 []


Overfull \hbox (133.84991pt too wide) in paragraph at lines 219--221
[][][][] 
 []

[40]
Overfull \hbox (41.86896pt too wide) in paragraph at lines 235--236
[][][][][][][][][][][][][][][][][][][][][][][][][][][][][] 
 []


Overfull \hbox (41.86896pt too wide) in paragraph at lines 236--237
[][][][][][][][][][][][][][][][][][][][][][][][][][][][][] 
 []


Overfull \hbox (41.86896pt too wide) in paragraph at lines 237--239
[][][][][][][][][][][][][][][][][][][][][][][][][][][][][] 
 []


Overfull \hbox (9.01862pt too wide) in paragraph at lines 240--241
[][][][][][][][][][][][][][][][][][][][][][][][][][][][] 
 []


Overfull \hbox (133.84991pt too wide) in paragraph at lines 242--244
[][][][] 
 []


Overfull \hbox (120.70978pt too wide) in paragraph at lines 251--252
[][][][][][][][][][][][][][][][][][][][][] 
 []


Overfull \hbox (133.84991pt too wide) in paragraph at lines 253--255
[][][][] 
 []


Overfull \hbox (133.84991pt too wide) in paragraph at lines 262--264
[][][][] 
 []

[41]
Overfull \hbox (22.15875pt too wide) in paragraph at lines 286--287
[][][][][][][][][][][][][][][][][][][][][] 
 []

)
Overfull \hbox (133.84991pt too wide) in paragraph at lines 298--227
[][][][] 
 []

[42] (C:\Users\anurag\Desktop\VERILOG-Paper\processor.aux) ) 
Here is how much of TeX's memory you used:
 3038 strings out of 493921
 42704 string characters out of 3147279
 153894 words of memory out of 3000000
 6270 multiletter control sequences out of 15000+200000
 9510 words of font info for 33 fonts, out of 3000000 for 9000
 841 hyphenation exceptions out of 8191
 29i,7n,44p,592b,1709s stack positions out of 5000i,500n,10000p,200000b,50000s
<C:/Program Files/M
iKTeX 2.9/fonts/type1/public/amsfonts/cm/cmbx10.pfb><C:/Program Files/MiKTeX 2.
9/fonts/type1/public/amsfonts/cm/cmbx12.pfb><C:/Program Files/MiKTeX 2.9/fonts/
type1/public/amsfonts/cm/cmmi10.pfb><C:/Program Files/MiKTeX 2.9/fonts/type1/pu
blic/amsfonts/cm/cmr10.pfb><C:/Program Files/MiKTeX 2.9/fonts/type1/public/amsf
onts/cm/cmr12.pfb><C:/Program Files/MiKTeX 2.9/fonts/type1/public/amsfonts/cm/c
mr17.pfb><C:/Program Files/MiKTeX 2.9/fonts/type1/public/amsfonts/cm/cmsl10.pfb
><C:/Program Files/MiKTeX 2.9/fonts/type1/public/amsfonts/cm/cmsy10.pfb><C:/Pro
gram Files/MiKTeX 2.9/fonts/type1/public/amsfonts/cm/cmti10.pfb>
Output written on processor.pdf (42 pages, 469266 bytes).
PDF statistics:
 207 PDF objects out of 1000 (max. 8388607)
 0 named destinations out of 1000 (max. 500000)
 106 words of extra memory for PDF output out of 10000 (max. 10000000)

